0 info it worked if it ends with ok
1 verbose cli [ '/usr/bin/iojs', '/usr/bin/npm', 'start' ]
2 info using npm@3.3.3
3 info using node@v3.3.0
4 verbose run-script [ 'prestart', 'start', 'poststart' ]
5 info lifecycle Bustabit@2.0.0~prestart: Bustabit@2.0.0
6 silly lifecycle Bustabit@2.0.0~prestart: no script for prestart, continuing
7 info lifecycle Bustabit@2.0.0~start: Bustabit@2.0.0
8 verbose lifecycle Bustabit@2.0.0~start: unsafe-perm in lifecycle true
9 verbose lifecycle Bustabit@2.0.0~start: PATH: /usr/lib/node_modules/npm/bin/node-gyp-bin:/home/alonso/dev/bustabit-webserver/node_modules/.bin:/usr/local/sbin:/usr/local/bin:/usr/sbin:/usr/bin:/sbin:/bin:/usr/games:/usr/local/games
10 verbose lifecycle Bustabit@2.0.0~start: CWD: /home/alonso/dev/bustabit-webserver
11 silly lifecycle Bustabit@2.0.0~start: Args: [ '-c', 'node server/index' ]
12 silly lifecycle Bustabit@2.0.0~start: Returned: code: 1  signal: null
13 info lifecycle Bustabit@2.0.0~start: Failed to exec start script
14 verbose stack Error: Bustabit@2.0.0 start: `node server/index`
14 verbose stack Exit status 1
14 verbose stack     at EventEmitter.<anonymous> (/usr/lib/node_modules/npm/lib/utils/lifecycle.js:233:16)
14 verbose stack     at emitTwo (events.js:87:13)
14 verbose stack     at EventEmitter.emit (events.js:172:7)
14 verbose stack     at ChildProcess.<anonymous> (/usr/lib/node_modules/npm/lib/utils/spawn.js:24:14)
14 verbose stack     at emitTwo (events.js:87:13)
14 verbose stack     at ChildProcess.emit (events.js:172:7)
14 verbose stack     at maybeClose (internal/child_process.js:764:16)
14 verbose stack     at Process.ChildProcess._handle.onexit (internal/child_process.js:211:5)
15 verbose pkgid Bustabit@2.0.0
16 verbose cwd /home/alonso/dev/bustabit-webserver/server
17 error Linux 3.19.0-25-generic
18 error argv "/usr/bin/iojs" "/usr/bin/npm" "start"
19 error node v3.3.0
20 error npm  v3.3.3
21 error code ELIFECYCLE
22 error Bustabit@2.0.0 start: `node server/index`
22 error Exit status 1
23 error Failed at the Bustabit@2.0.0 start script 'node server/index'.
23 error This is most likely a problem with the Bustabit package,
23 error not with npm itself.
23 error Tell the author that this fails on your system:
23 error     node server/index
23 error You can get their info via:
23 error     npm owner ls Bustabit
23 error There is likely additional logging output above.
24 verbose exit [ 1, true ]
